[debug] [2024-10-20T23:35:43.538Z] ----------------------------------------------------------------------
[debug] [2024-10-20T23:35:43.540Z] Command:       C:\Program Files\nodejs\node.exe C:\Users\Rayan\AppData\Roaming\npm\node_modules\firebase-tools\lib\bin\firebase.js init
[debug] [2024-10-20T23:35:43.541Z] CLI Version:   13.22.1
[debug] [2024-10-20T23:35:43.541Z] Platform:      win32
[debug] [2024-10-20T23:35:43.541Z] Node Version:  v20.17.0
[debug] [2024-10-20T23:35:43.541Z] Time:          Sun Oct 20 2024 16:35:43 GMT-0700 (Pacific Daylight Saving Time)
[debug] [2024-10-20T23:35:43.542Z] ----------------------------------------------------------------------
[debug] 
[debug] [2024-10-20T23:35:43.545Z] >>> [apiv2][query] GET https://firebase-public.firebaseio.com/cli.json [none]
[debug] [2024-10-20T23:35:43.655Z] > command requires scopes: ["email","openid","https://www.googleapis.com/auth/cloudplatformprojects.readonly","https://www.googleapis.com/auth/firebase","https://www.googleapis.com/auth/cloud-platform"]
[debug] [2024-10-20T23:35:43.655Z] > authorizing via signed-in user (rayan.serratine@gmail.com)
[info] 
     ######## #### ########  ######## ########     ###     ######  ########
     ##        ##  ##     ## ##       ##     ##  ##   ##  ##       ##
     ######    ##  ########  ######   ########  #########  ######  ######
     ##        ##  ##    ##  ##       ##     ## ##     ##       ## ##
     ##       #### ##     ## ######## ########  ##     ##  ######  ########

You're about to initialize a Firebase project in this directory:

  C:\Users\Rayan

Before we get started, keep in mind:

  * You are initializing within an existing Firebase project directory

[debug] [2024-10-20T23:35:43.811Z] <<< [apiv2][status] GET https://firebase-public.firebaseio.com/cli.json 200
[debug] [2024-10-20T23:35:43.812Z] <<< [apiv2][body] GET https://firebase-public.firebaseio.com/cli.json {"cloudBuildErrorAfter":1594252800000,"cloudBuildWarnAfter":1590019200000,"defaultNode10After":1594252800000,"minVersion":"3.0.5","node8DeploysDisabledAfter":1613390400000,"node8RuntimeDisabledAfter":1615809600000,"node8WarnAfter":1600128000000}
[info] 
=== Project Setup
[info] 
[info] First, let's associate this project directory with a Firebase project.
[info] You can create multiple project aliases by running firebase use --add, 
[info] but for now we'll just set up a default project.
[info] 
[debug] [2024-10-20T23:35:52.671Z] Using project from CLI flag: rayanquiz3
[debug] [2024-10-20T23:35:52.672Z] Checked if tokens are valid: false, expires at: 1725518899779
[debug] [2024-10-20T23:35:52.673Z] Checked if tokens are valid: false, expires at: 1725518899779
[debug] [2024-10-20T23:35:52.673Z] > refreshing access token with scopes: []
[debug] [2024-10-20T23:35:52.675Z] >>> [apiv2][query] POST https://www.googleapis.com/oauth2/v3/token [none]
[debug] [2024-10-20T23:35:52.675Z] >>> [apiv2][body] POST https://www.googleapis.com/oauth2/v3/token [omitted]
[debug] [2024-10-20T23:35:52.781Z] <<< [apiv2][status] POST https://www.googleapis.com/oauth2/v3/token 200
[debug] [2024-10-20T23:35:52.782Z] <<< [apiv2][body] POST https://www.googleapis.com/oauth2/v3/token [omitted]
[debug] [2024-10-20T23:35:52.808Z] >>> [apiv2][query] GET https://firebase.googleapis.com/v1beta1/projects/rayanquiz3 [none]
[debug] [2024-10-20T23:35:52.988Z] <<< [apiv2][status] GET https://firebase.googleapis.com/v1beta1/projects/rayanquiz3 200
[debug] [2024-10-20T23:35:52.989Z] <<< [apiv2][body] GET https://firebase.googleapis.com/v1beta1/projects/rayanquiz3 {"projectId":"rayanquiz3","projectNumber":"1022158522815","displayName":"RayanQuiz3","name":"projects/rayanquiz3","resources":{"hostingSite":"rayanquiz3"},"state":"ACTIVE","etag":"1_994bb082-1db5-4bef-bd62-9c86b750f897"}
[info] i  Using project rayanquiz3 (RayanQuiz3) 
[info] 
=== Hosting Setup
[debug] [2024-10-20T23:35:53.004Z] Checked if tokens are valid: true, expires at: 1729470951782
[debug] [2024-10-20T23:35:53.004Z] Checked if tokens are valid: true, expires at: 1729470951782
[debug] [2024-10-20T23:35:53.006Z] >>> [apiv2][query] GET https://firebase.googleapis.com/v1beta1/projects/rayanquiz3 [none]
[debug] [2024-10-20T23:35:53.129Z] <<< [apiv2][status] GET https://firebase.googleapis.com/v1beta1/projects/rayanquiz3 200
[debug] [2024-10-20T23:35:53.130Z] <<< [apiv2][body] GET https://firebase.googleapis.com/v1beta1/projects/rayanquiz3 {"projectId":"rayanquiz3","projectNumber":"1022158522815","displayName":"RayanQuiz3","name":"projects/rayanquiz3","resources":{"hostingSite":"rayanquiz3"},"state":"ACTIVE","etag":"1_994bb082-1db5-4bef-bd62-9c86b750f897"}
[info] 
[info] Your public directory is the folder (relative to your project directory) that
[info] will contain Hosting assets to be uploaded with firebase deploy. If you
[info] have a build process for your assets, use your build's output directory.
[info] 
[debug] [2024-10-20T23:36:18.305Z] >>> [apiv2][query] GET https://www.gstatic.com/firebasejs/releases.json [none]
[debug] [2024-10-20T23:36:18.364Z] <<< [apiv2][status] GET https://www.gstatic.com/firebasejs/releases.json 200
[debug] [2024-10-20T23:36:18.365Z] <<< [apiv2][body] GET https://www.gstatic.com/firebasejs/releases.json {"current":{"version":"10.14.1","browserURL":"https://www.gstatic.com/firebasejs/10.14.1/firebase.js","packageURL":"https://www.gstatic.com/firebasejs/10.14.1/firebase.tgz"},"live":{"version":"10.14","browserURL":"https://www.gstatic.com/firebasejs/live/10.14/firebase.js","packageURL":"https://www.gstatic.com/firebasejs/live/10.14/firebase.tgz"},"components":{"analytics":"https://www.gstatic.com/firebasejs/10.14.1/firebase-analytics.js","app":"https://www.gstatic.com/firebasejs/10.14.1/firebase-app.js","app-check":"https://www.gstatic.com/firebasejs/10.14.1/firebase-app-check.js","auth":"https://www.gstatic.com/firebasejs/10.14.1/firebase-auth.js","auth/cordova":"https://www.gstatic.com/firebasejs/10.14.1/firebase-auth/cordova.js","auth/web-extension":"https://www.gstatic.com/firebasejs/10.14.1/firebase-auth/web-extension.js","functions":"https://www.gstatic.com/firebasejs/10.14.1/firebase-functions.js","firestore":"https://www.gstatic.com/firebasejs/10.14.1/firebase-firestore.js","firestore/lite":"https://www.gstatic.com/firebasejs/10.14.1/firebase-firestore/lite.js","installations":"https://www.gstatic.com/firebasejs/10.14.1/firebase-installations.js","storage":"https://www.gstatic.com/firebasejs/10.14.1/firebase-storage.js","performance":"https://www.gstatic.com/firebasejs/10.14.1/firebase-performance.js","remote-config":"https://www.gstatic.com/firebasejs/10.14.1/firebase-remote-config.js","messaging":"https://www.gstatic.com/firebasejs/10.14.1/firebase-messaging.js","messaging/sw":"https://www.gstatic.com/firebasejs/10.14.1/firebase-messaging/sw.js","database":"https://www.gstatic.com/firebasejs/10.14.1/firebase-database.js","data-connect":"https://www.gstatic.com/firebasejs/10.14.1/firebase-data-connect.js","vertexai-preview":"https://www.gstatic.com/firebasejs/10.14.1/firebase-vertexai-preview.js","firestore.memory":"https://www.gstatic.com/firebasejs/10.14.1/firebase-firestore.memory.js"}}
[info] +  Wrote y/index.html 
[info] 
[info] i  Detected a .git folder at C:\Users\Rayan\Documents\FULL-STACK\OBC 
[info] i  Authorizing with GitHub to upload your service account to a GitHub repository's secrets store. 
[info] 
[info] Visit this URL on this device to log in:
[info] https://github.com/login/oauth/authorize?client_id=89cf50f02ac6aaed3484&state=44388574&redirect_uri=http%3A%2F%2Flocalhost%3A9005&scope=read%3Auser%20repo%20public_repo
[info] 
[info] Waiting for authentication...
[debug] [2024-10-20T23:40:18.870Z] >>> [apiv2][query] POST https://github.com/login/oauth/access_token [none]
[debug] [2024-10-20T23:40:18.871Z] >>> [apiv2][body] POST https://github.com/login/oauth/access_token [stream]
[debug] [2024-10-20T23:40:19.199Z] <<< [apiv2][status] POST https://github.com/login/oauth/access_token 200
[debug] [2024-10-20T23:40:19.199Z] <<< [apiv2][body] POST https://github.com/login/oauth/access_token {"access_token":"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","token_type":"bearer","scope":"read:user,repo"}
[debug] [2024-10-20T23:40:19.204Z] >>> [apiv2][query] GET https://api.github.com/user [none]
[debug] [2024-10-20T23:40:19.538Z] <<< [apiv2][status] GET https://api.github.com/user 200
[debug] [2024-10-20T23:40:19.538Z] <<< [apiv2][body] GET https://api.github.com/user {"login":"rayanserratine","id":159957868,"node_id":"U_kgDOCYjDbA","avatar_url":"https://avatars.githubusercontent.com/u/159957868?v=4","gravatar_id":"","url":"https://api.github.com/users/rayanserratine","html_url":"https://github.com/rayanserratine","followers_url":"https://api.github.com/users/rayanserratine/followers","following_url":"https://api.github.com/users/rayanserratine/following{/other_user}","gists_url":"https://api.github.com/users/rayanserratine/gists{/gist_id}","starred_url":"https://api.github.com/users/rayanserratine/starred{/owner}{/repo}","subscriptions_url":"https://api.github.com/users/rayanserratine/subscriptions","organizations_url":"https://api.github.com/users/rayanserratine/orgs","repos_url":"https://api.github.com/users/rayanserratine/repos","events_url":"https://api.github.com/users/rayanserratine/events{/privacy}","received_events_url":"https://api.github.com/users/rayanserratine/received_events","type":"User","user_view_type":"private","site_admin":false,"name":null,"company":null,"blog":"","location":null,"email":null,"hireable":null,"bio":null,"twitter_username":null,"notification_email":null,"public_repos":20,"public_gists":0,"followers":0,"following":0,"created_at":"2024-02-13T20:28:47Z","updated_at":"2024-09-04T05:22:26Z","private_gists":0,"total_private_repos":2,"owned_private_repos":2,"disk_usage":58638,"collaborators":0,"two_factor_authentication":true,"plan":{"name":"free","space":976562499,"collaborators":0,"private_repos":10000}}
[info] 
[info] +  Success! Logged into GitHub as rayanserratine 
[info] 
